<?xml version="1.0" encoding="UTF-8"?>
<robot generator="Robot 7.1.1 (Python 3.13.1 on win32)" generated="2025-03-06T01:46:42.290713" rpa="false" schemaversion="5">
<suite id="s1" name="Launch" source="C:\ROBOTFramework\ACAD_Automation\Tests\Launch.robot">
<test id="s1-t1" name="Draw Line in AutoCAD" line="10">
<kw name="Setup AutoCAD Environment">
<kw name="Change Resoultion" owner="AutoCAD">
<status status="PASS" start="2025-03-06T01:46:43.347549" elapsed="0.199698"/>
</kw>
<kw name="Open Autocad" owner="AutoCAD">
<arg>${AUTOCAD_PATH}</arg>
<doc>Open AutoCAD application.</doc>
<status status="PASS" start="2025-03-06T01:46:43.547519" elapsed="6.693101"/>
</kw>
<kw name="Sleep" owner="BuiltIn">
<msg time="2025-03-06T01:46:55.242159" level="INFO">Slept 5 seconds.</msg>
<arg>5s</arg>
<doc>Pauses the test executed for the given time.</doc>
<status status="PASS" start="2025-03-06T01:46:50.240955" elapsed="5.001377"/>
</kw>
<kw name="Resize Autocad" owner="AutoCAD">
<doc>Resize AutoCAD window to the upper-left corner of a 1920x1080 screen.</doc>
<status status="PASS" start="2025-03-06T01:46:55.242543" elapsed="0.006052"/>
</kw>
<kw name="Select Drawing Tool">
<kw name="Click At Coordinates" owner="AutoCAD">
<arg>118</arg>
<arg>162</arg>
<doc>Click on specific screen coordinates.</doc>
<status status="PASS" start="2025-03-06T01:46:55.249181" elapsed="6.132100"/>
</kw>
<kw name="Sleep" owner="BuiltIn">
<msg time="2025-03-06T01:47:04.382155" level="INFO">Slept 3 seconds.</msg>
<arg>3s</arg>
<doc>Pauses the test executed for the given time.</doc>
<status status="PASS" start="2025-03-06T01:47:01.381534" elapsed="3.000783"/>
</kw>
<status status="PASS" start="2025-03-06T01:46:55.248848" elapsed="9.133625"/>
</kw>
<status status="PASS" start="2025-03-06T01:46:43.346969" elapsed="21.035571"/>
</kw>
<kw name="Draw and Verify Line">
<kw name="Draw Line" owner="AutoCAD">
<arg>0,0</arg>
<arg>100,100</arg>
<doc>Draw a line in AutoCAD.
:param start_point: Starting point as 'x,y'
:param end_point: Ending point as 'x,y'</doc>
<status status="PASS" start="2025-03-06T01:47:04.383483" elapsed="5.316183"/>
</kw>
<kw name="Sleep" owner="BuiltIn">
<msg time="2025-03-06T01:47:12.700851" level="INFO">Slept 3 seconds.</msg>
<arg>3s</arg>
<doc>Pauses the test executed for the given time.</doc>
<status status="PASS" start="2025-03-06T01:47:09.699924" elapsed="3.001082"/>
</kw>
<kw name="Zoom Extent" owner="AutoCAD">
<arg>z</arg>
<arg>e</arg>
<status status="PASS" start="2025-03-06T01:47:12.701202" elapsed="10.902473"/>
</kw>
<kw name="Capture and Compare Drawing">
<kw name="Capture Region" owner="AutoCAD">
<arg>0</arg>
<arg>0</arg>
<arg>960</arg>
<arg>900</arg>
<arg>${ACTUAL_IMAGE}</arg>
<doc>Capture a specific screen region.</doc>
<status status="PASS" start="2025-03-06T01:47:23.604412" elapsed="5.206649"/>
</kw>
<kw name="Compare Images" owner="AutoCAD">
<msg time="2025-03-06T01:47:33.860605" level="INFO">Difference: 39.57%</msg>
<msg time="2025-03-06T01:47:33.860839" level="INFO">${result} = 39.56658950617284</msg>
<var>${result}</var>
<arg>${BASELINE_IMAGE}</arg>
<arg>${ACTUAL_IMAGE}</arg>
<doc>Compare two images and return the difference percentage.</doc>
<status status="PASS" start="2025-03-06T01:47:28.811342" elapsed="5.049534"/>
</kw>
<kw name="Should Be True" owner="BuiltIn">
<msg time="2025-03-06T01:47:33.861642" level="FAIL">Image Comparision failed!</msg>
<arg>${result} &lt;= 5</arg>
<arg>Image Comparision failed!</arg>
<doc>Fails if the given condition is not true.</doc>
<status status="FAIL" start="2025-03-06T01:47:33.861088" elapsed="0.000781">Image Comparision failed!</status>
</kw>
<status status="FAIL" start="2025-03-06T01:47:23.604056" elapsed="10.257976">Image Comparision failed!</status>
</kw>
<status status="FAIL" start="2025-03-06T01:47:04.383071" elapsed="29.479054">Image Comparision failed!</status>
</kw>
<kw name="Teardown AutoCAD">
<status status="NOT RUN" start="2025-03-06T01:47:33.862578" elapsed="0.000030"/>
</kw>
<doc>Open AutoCAD, draw a line, and verify using image comparison.</doc>
<status status="FAIL" start="2025-03-06T01:46:43.346041" elapsed="50.516861">Image Comparision failed!</status>
</test>
<status status="FAIL" start="2025-03-06T01:46:42.293616" elapsed="51.571732"/>
</suite>
<statistics>
<total>
<stat pass="0" fail="1" skip="0">All Tests</stat>
</total>
<tag>
</tag>
<suite>
<stat pass="0" fail="1" skip="0" id="s1" name="Launch">Launch</stat>
</suite>
</statistics>
<errors>
</errors>
</robot>
